[2015-02-21 07:04:18] myapp.ERROR: Symfony\Component\HttpKernel\Exception\NotFoundHttpException: No route found for "GET /fb_app/" (uncaught exception) at /var/www/html/fb_app/vendor/symfony/http-kernel/Symfony/Component/HttpKernel/EventListener/RouterListener.php line 145 {"exception":"[object] (Symfony\\Component\\HttpKernel\\Exception\\NotFoundHttpException(code: 0): No route found for \"GET /fb_app/\" at /var/www/html/fb_app/vendor/symfony/http-kernel/Symfony/Component/HttpKernel/EventListener/RouterListener.php:145, Symfony\\Component\\Routing\\Exception\\ResourceNotFoundException(code: 0): No routes found for \"/fb_app/\". at /var/www/html/fb_app/vendor/symfony/routing/Symfony/Component/Routing/Matcher/UrlMatcher.php:102)"} []
[2015-02-21 07:04:18] myapp.INFO: < 404 [] []
[2015-02-21 07:04:40] myapp.ERROR: Symfony\Component\HttpKernel\Exception\NotFoundHttpException: No route found for "GET /fb_app/" (uncaught exception) at /var/www/html/fb_app/vendor/symfony/http-kernel/Symfony/Component/HttpKernel/EventListener/RouterListener.php line 145 {"exception":"[object] (Symfony\\Component\\HttpKernel\\Exception\\NotFoundHttpException(code: 0): No route found for \"GET /fb_app/\" at /var/www/html/fb_app/vendor/symfony/http-kernel/Symfony/Component/HttpKernel/EventListener/RouterListener.php:145, Symfony\\Component\\Routing\\Exception\\ResourceNotFoundException(code: 0): No routes found for \"/fb_app/\". at /var/www/html/fb_app/vendor/symfony/routing/Symfony/Component/Routing/Matcher/UrlMatcher.php:102)"} []
[2015-02-21 07:04:40] myapp.INFO: < 404 [] []
[2015-02-21 07:04:42] myapp.ERROR: Symfony\Component\HttpKernel\Exception\NotFoundHttpException: No route found for "GET /fb_app/" (uncaught exception) at /var/www/html/fb_app/vendor/symfony/http-kernel/Symfony/Component/HttpKernel/EventListener/RouterListener.php line 145 {"exception":"[object] (Symfony\\Component\\HttpKernel\\Exception\\NotFoundHttpException(code: 0): No route found for \"GET /fb_app/\" at /var/www/html/fb_app/vendor/symfony/http-kernel/Symfony/Component/HttpKernel/EventListener/RouterListener.php:145, Symfony\\Component\\Routing\\Exception\\ResourceNotFoundException(code: 0): No routes found for \"/fb_app/\". at /var/www/html/fb_app/vendor/symfony/routing/Symfony/Component/Routing/Matcher/UrlMatcher.php:102)"} []
[2015-02-21 07:04:42] myapp.INFO: < 404 [] []
[2015-02-21 07:04:54] myapp.ERROR: Symfony\Component\HttpKernel\Exception\NotFoundHttpException: No route found for "GET /fb_app/" (uncaught exception) at /var/www/html/fb_app/vendor/symfony/http-kernel/Symfony/Component/HttpKernel/EventListener/RouterListener.php line 145 {"exception":"[object] (Symfony\\Component\\HttpKernel\\Exception\\NotFoundHttpException(code: 0): No route found for \"GET /fb_app/\" at /var/www/html/fb_app/vendor/symfony/http-kernel/Symfony/Component/HttpKernel/EventListener/RouterListener.php:145, Symfony\\Component\\Routing\\Exception\\ResourceNotFoundException(code: 0): No routes found for \"/fb_app/\". at /var/www/html/fb_app/vendor/symfony/routing/Symfony/Component/Routing/Matcher/UrlMatcher.php:102)"} []
[2015-02-21 07:04:54] myapp.INFO: < 404 [] []
[2015-02-21 07:05:37] myapp.ERROR: Symfony\Component\HttpKernel\Exception\NotFoundHttpException: No route found for "GET /fb_app/hello/foo" (uncaught exception) at /var/www/html/fb_app/vendor/symfony/http-kernel/Symfony/Component/HttpKernel/EventListener/RouterListener.php line 145 {"exception":"[object] (Symfony\\Component\\HttpKernel\\Exception\\NotFoundHttpException(code: 0): No route found for \"GET /fb_app/hello/foo\" at /var/www/html/fb_app/vendor/symfony/http-kernel/Symfony/Component/HttpKernel/EventListener/RouterListener.php:145, Symfony\\Component\\Routing\\Exception\\ResourceNotFoundException(code: 0): No routes found for \"/fb_app/hello/foo\". at /var/www/html/fb_app/vendor/symfony/routing/Symfony/Component/Routing/Matcher/UrlMatcher.php:102)"} []
[2015-02-21 07:05:37] myapp.INFO: < 404 [] []
[2015-02-21 07:05:53] myapp.ERROR: Symfony\Component\HttpKernel\Exception\NotFoundHttpException: No route found for "GET /fb_app/hello/foo" (uncaught exception) at /var/www/html/fb_app/vendor/symfony/http-kernel/Symfony/Component/HttpKernel/EventListener/RouterListener.php line 145 {"exception":"[object] (Symfony\\Component\\HttpKernel\\Exception\\NotFoundHttpException(code: 0): No route found for \"GET /fb_app/hello/foo\" at /var/www/html/fb_app/vendor/symfony/http-kernel/Symfony/Component/HttpKernel/EventListener/RouterListener.php:145, Symfony\\Component\\Routing\\Exception\\ResourceNotFoundException(code: 0): No routes found for \"/fb_app/hello/foo\". at /var/www/html/fb_app/vendor/symfony/routing/Symfony/Component/Routing/Matcher/UrlMatcher.php:102)"} []
[2015-02-21 07:05:53] myapp.INFO: < 404 [] []
[2015-02-21 07:05:54] myapp.ERROR: Symfony\Component\HttpKernel\Exception\NotFoundHttpException: No route found for "GET /fb_app/hello/foo" (uncaught exception) at /var/www/html/fb_app/vendor/symfony/http-kernel/Symfony/Component/HttpKernel/EventListener/RouterListener.php line 145 {"exception":"[object] (Symfony\\Component\\HttpKernel\\Exception\\NotFoundHttpException(code: 0): No route found for \"GET /fb_app/hello/foo\" at /var/www/html/fb_app/vendor/symfony/http-kernel/Symfony/Component/HttpKernel/EventListener/RouterListener.php:145, Symfony\\Component\\Routing\\Exception\\ResourceNotFoundException(code: 0): No routes found for \"/fb_app/hello/foo\". at /var/www/html/fb_app/vendor/symfony/routing/Symfony/Component/Routing/Matcher/UrlMatcher.php:102)"} []
[2015-02-21 07:05:54] myapp.INFO: < 404 [] []
[2015-02-21 07:05:59] myapp.INFO: Matched route "GET_fb_app_hello_name" (parameters: "_controller": "{}", "name": "foo", "_route": "GET_fb_app_hello_name") [] []
[2015-02-21 07:05:59] myapp.INFO: > GET /fb_app/hello/foo [] []
[2015-02-21 07:05:59] myapp.INFO: < 200 [] []
[2015-02-21 07:08:59] myapp.ERROR: Symfony\Component\HttpKernel\Exception\NotFoundHttpException: No route found for "GET /fb_app/hello/foo" (uncaught exception) at /var/www/html/fb_app/vendor/symfony/http-kernel/Symfony/Component/HttpKernel/EventListener/RouterListener.php line 145 {"exception":"[object] (Symfony\\Component\\HttpKernel\\Exception\\NotFoundHttpException(code: 0): No route found for \"GET /fb_app/hello/foo\" at /var/www/html/fb_app/vendor/symfony/http-kernel/Symfony/Component/HttpKernel/EventListener/RouterListener.php:145, Symfony\\Component\\Routing\\Exception\\ResourceNotFoundException(code: 0): No routes found for \"/fb_app/hello/foo\". at /var/www/html/fb_app/vendor/symfony/routing/Symfony/Component/Routing/Matcher/UrlMatcher.php:102)"} []
[2015-02-21 07:08:59] myapp.INFO: < 404 [] []
[2015-02-21 07:09:05] myapp.INFO: Matched route "_fb_app__hello_name" (parameters: "_controller": "{}", "name": "foo", "_route": "_fb_app__hello_name") [] []
[2015-02-21 07:09:05] myapp.INFO: > GET /fb_app/hello/foo [] []
[2015-02-21 07:09:05] myapp.INFO: < 200 [] []
[2015-02-21 07:09:44] myapp.INFO: Matched route "_fb_app__hello_name" (parameters: "_controller": "{}", "name": "foo", "_route": "_fb_app__hello_name") [] []
[2015-02-21 07:09:44] myapp.INFO: > GET /fb_app/hello/foo [] []
[2015-02-21 07:09:44] myapp.INFO: < 200 [] []
[2015-02-21 07:19:17] myapp.INFO: Matched route "_fb_app__hello_name" (parameters: "_controller": "{}", "name": "foo", "_route": "_fb_app__hello_name") [] []
[2015-02-21 07:19:17] myapp.INFO: > GET /fb_app/hello/foo [] []
[2015-02-21 07:19:17] myapp.INFO: < 200 [] []
[2015-02-21 07:23:47] myapp.INFO: Matched route "_fb_app__hello_name" (parameters: "_controller": "{}", "name": "foo", "_route": "_fb_app__hello_name") [] []
[2015-02-21 07:23:47] myapp.INFO: > GET /fb_app/hello/foo [] []
[2015-02-21 07:23:47] myapp.INFO: < 200 [] []
[2015-02-21 07:25:21] myapp.INFO: Matched route "_fb_app__hello_name" (parameters: "_controller": "{}", "name": "foo", "_route": "_fb_app__hello_name") [] []
[2015-02-21 07:25:21] myapp.INFO: > GET /fb_app/hello/foo [] []
[2015-02-21 07:25:21] myapp.INFO: < 200 [] []
[2015-02-21 07:26:09] myapp.INFO: Matched route "_fb_app__hello_name" (parameters: "_controller": "{}", "name": "foo", "_route": "_fb_app__hello_name") [] []
[2015-02-21 07:26:09] myapp.INFO: > GET /fb_app/hello/foo [] []
[2015-02-21 07:26:09] myapp.INFO: < 200 [] []
[2015-02-21 07:31:50] myapp.INFO: Matched route "_fb_app__hello_name" (parameters: "_controller": "{}", "name": "foo", "_route": "_fb_app__hello_name") [] []
[2015-02-21 07:31:50] myapp.INFO: > GET /fb_app/hello/foo [] []
[2015-02-21 07:31:50] myapp.INFO: < 200 [] []
[2015-02-21 07:32:51] myapp.INFO: Matched route "_fb_app__hello_name" (parameters: "_controller": "{}", "name": "foo", "_route": "_fb_app__hello_name") [] []
[2015-02-21 07:32:51] myapp.INFO: > GET /fb_app/hello/foo [] []
[2015-02-21 07:32:51] myapp.INFO: < 200 [] []
[2015-02-21 07:33:28] myapp.INFO: Matched route "_fb_app__hello_name" (parameters: "_controller": "{}", "name": "foo", "_route": "_fb_app__hello_name") [] []
[2015-02-21 07:33:28] myapp.INFO: > GET /fb_app/hello/foo [] []
[2015-02-21 07:33:28] myapp.INFO: < 200 [] []
[2015-02-21 07:33:58] myapp.INFO: Matched route "_fb_app__hello_name" (parameters: "_controller": "{}", "name": "foo", "_route": "_fb_app__hello_name") [] []
[2015-02-21 07:33:58] myapp.INFO: > GET /fb_app/hello/foo [] []
[2015-02-21 07:33:58] myapp.INFO: < 200 [] []
[2015-02-21 07:34:37] myapp.INFO: Matched route "_fb_app__hello_name" (parameters: "_controller": "{}", "name": "foo", "_route": "_fb_app__hello_name") [] []
[2015-02-21 07:34:37] myapp.INFO: > GET /fb_app/hello/foo [] []
[2015-02-21 07:34:37] myapp.INFO: < 200 [] []
[2015-02-21 07:34:58] myapp.INFO: Matched route "_fb_app__hello_name" (parameters: "_controller": "{}", "name": "foo", "_route": "_fb_app__hello_name") [] []
[2015-02-21 07:34:58] myapp.INFO: > GET /fb_app/hello/foo [] []
[2015-02-21 07:34:58] myapp.INFO: < 200 [] []
[2015-02-21 07:35:22] myapp.INFO: Matched route "_fb_app__hello_name" (parameters: "_controller": "{}", "name": "foo", "_route": "_fb_app__hello_name") [] []
[2015-02-21 07:35:22] myapp.INFO: > GET /fb_app/hello/foo [] []
[2015-02-21 07:35:22] myapp.INFO: < 200 [] []
[2015-02-21 07:38:34] myapp.INFO: Matched route "_fb_app__hello_name" (parameters: "_controller": "{}", "name": "foo", "_route": "_fb_app__hello_name") [] []
[2015-02-21 07:38:34] myapp.INFO: > GET /fb_app/hello/foo [] []
[2015-02-21 07:38:34] myapp.INFO: < 200 [] []
[2015-02-21 07:42:52] myapp.INFO: Matched route "_fb_app__hello_name" (parameters: "_controller": "{}", "name": "foo", "_route": "_fb_app__hello_name") [] []
[2015-02-21 07:42:52] myapp.INFO: > GET /fb_app/hello/foo [] []
[2015-02-21 07:42:52] myapp.INFO: < 200 [] []
[2015-02-21 07:43:16] myapp.INFO: Matched route "_fb_app__hello_name" (parameters: "_controller": "{}", "name": "foo", "_route": "_fb_app__hello_name") [] []
[2015-02-21 07:43:16] myapp.INFO: > GET /fb_app/hello/foo [] []
[2015-02-21 07:43:16] myapp.INFO: < 200 [] []
[2015-02-21 07:43:35] myapp.INFO: Matched route "_fb_app__hello_name" (parameters: "_controller": "{}", "name": "foo", "_route": "_fb_app__hello_name") [] []
[2015-02-21 07:43:35] myapp.INFO: > GET /fb_app/hello/foo [] []
[2015-02-21 07:43:35] myapp.INFO: < 200 [] []
[2015-02-21 07:43:57] myapp.INFO: Matched route "_fb_app__hello_name" (parameters: "_controller": "{}", "name": "foo", "_route": "_fb_app__hello_name") [] []
[2015-02-21 07:43:57] myapp.INFO: > GET /fb_app/hello/foo [] []
[2015-02-21 07:43:57] myapp.INFO: < 200 [] []
[2015-02-21 07:44:14] myapp.INFO: Matched route "_fb_app__hello_name" (parameters: "_controller": "{}", "name": "foo", "_route": "_fb_app__hello_name") [] []
[2015-02-21 07:44:14] myapp.INFO: > GET /fb_app/hello/foo [] []
[2015-02-21 07:44:14] myapp.INFO: < 200 [] []
[2015-02-21 07:44:15] myapp.INFO: Matched route "_fb_app__hello_name" (parameters: "_controller": "{}", "name": "foo", "_route": "_fb_app__hello_name") [] []
[2015-02-21 07:44:15] myapp.INFO: > GET /fb_app/hello/foo [] []
[2015-02-21 07:44:15] myapp.INFO: < 200 [] []
[2015-02-21 07:46:43] myapp.INFO: Matched route "_fb_app__hello_name" (parameters: "_controller": "{}", "name": "foo", "_route": "_fb_app__hello_name") [] []
[2015-02-21 07:46:43] myapp.INFO: > GET /fb_app/hello/foo [] []
[2015-02-21 07:46:43] myapp.INFO: < 200 [] []
[2015-02-21 07:56:29] myapp.INFO: Matched route "_fb_app__hello_name" (parameters: "_controller": "{}", "name": "foo", "_route": "_fb_app__hello_name") [] []
[2015-02-21 07:56:29] myapp.INFO: > GET /fb_app/hello/foo [] []
[2015-02-21 07:56:29] myapp.INFO: < 200 [] []
[2015-02-21 07:56:31] myapp.INFO: Matched route "_fb_app__hello_name" (parameters: "_controller": "{}", "name": "foo", "_route": "_fb_app__hello_name") [] []
[2015-02-21 07:56:31] myapp.INFO: > GET /fb_app/hello/foo [] []
[2015-02-21 07:56:31] myapp.INFO: < 200 [] []
[2015-02-21 07:57:30] myapp.ERROR: Symfony\Component\HttpKernel\Exception\NotFoundHttpException: No route found for "GET /fb_app/hello/foo" (uncaught exception) at /var/www/html/fb_app/vendor/symfony/http-kernel/Symfony/Component/HttpKernel/EventListener/RouterListener.php line 145 {"exception":"[object] (Symfony\\Component\\HttpKernel\\Exception\\NotFoundHttpException(code: 0): No route found for \"GET /fb_app/hello/foo\" at /var/www/html/fb_app/vendor/symfony/http-kernel/Symfony/Component/HttpKernel/EventListener/RouterListener.php:145, Symfony\\Component\\Routing\\Exception\\ResourceNotFoundException(code: 0): No routes found for \"/fb_app/hello/foo\". at /var/www/html/fb_app/vendor/symfony/routing/Symfony/Component/Routing/Matcher/UrlMatcher.php:102)"} []
[2015-02-21 07:57:30] myapp.INFO: < 404 [] []
[2015-02-21 07:57:33] myapp.ERROR: Symfony\Component\HttpKernel\Exception\NotFoundHttpException: No route found for "GET /fb_app/hello/foo" (uncaught exception) at /var/www/html/fb_app/vendor/symfony/http-kernel/Symfony/Component/HttpKernel/EventListener/RouterListener.php line 145 {"exception":"[object] (Symfony\\Component\\HttpKernel\\Exception\\NotFoundHttpException(code: 0): No route found for \"GET /fb_app/hello/foo\" at /var/www/html/fb_app/vendor/symfony/http-kernel/Symfony/Component/HttpKernel/EventListener/RouterListener.php:145, Symfony\\Component\\Routing\\Exception\\ResourceNotFoundException(code: 0): No routes found for \"/fb_app/hello/foo\". at /var/www/html/fb_app/vendor/symfony/routing/Symfony/Component/Routing/Matcher/UrlMatcher.php:102)"} []
[2015-02-21 07:57:33] myapp.INFO: < 404 [] []
[2015-02-21 07:57:47] myapp.ERROR: Symfony\Component\HttpKernel\Exception\NotFoundHttpException: No route found for "GET /fb_app/hello/foo" (uncaught exception) at /var/www/html/fb_app/vendor/symfony/http-kernel/Symfony/Component/HttpKernel/EventListener/RouterListener.php line 145 {"exception":"[object] (Symfony\\Component\\HttpKernel\\Exception\\NotFoundHttpException(code: 0): No route found for \"GET /fb_app/hello/foo\" at /var/www/html/fb_app/vendor/symfony/http-kernel/Symfony/Component/HttpKernel/EventListener/RouterListener.php:145, Symfony\\Component\\Routing\\Exception\\ResourceNotFoundException(code: 0): No routes found for \"/fb_app/hello/foo\". at /var/www/html/fb_app/vendor/symfony/routing/Symfony/Component/Routing/Matcher/UrlMatcher.php:102)"} []
[2015-02-21 07:57:47] myapp.INFO: < 404 [] []
[2015-02-21 07:58:52] myapp.ERROR: Symfony\Component\HttpKernel\Exception\NotFoundHttpException: No route found for "GET /fb_app/hello/foo" (uncaught exception) at /var/www/html/fb_app/vendor/symfony/http-kernel/Symfony/Component/HttpKernel/EventListener/RouterListener.php line 145 {"exception":"[object] (Symfony\\Component\\HttpKernel\\Exception\\NotFoundHttpException(code: 0): No route found for \"GET /fb_app/hello/foo\" at /var/www/html/fb_app/vendor/symfony/http-kernel/Symfony/Component/HttpKernel/EventListener/RouterListener.php:145, Symfony\\Component\\Routing\\Exception\\ResourceNotFoundException(code: 0): No routes found for \"/fb_app/hello/foo\". at /var/www/html/fb_app/vendor/symfony/routing/Symfony/Component/Routing/Matcher/UrlMatcher.php:102)"} []
[2015-02-21 07:58:52] myapp.INFO: < 404 [] []
[2015-02-21 07:58:55] myapp.ERROR: Symfony\Component\HttpKernel\Exception\NotFoundHttpException: No route found for "GET /fb_app/hello/foo" (uncaught exception) at /var/www/html/fb_app/vendor/symfony/http-kernel/Symfony/Component/HttpKernel/EventListener/RouterListener.php line 145 {"exception":"[object] (Symfony\\Component\\HttpKernel\\Exception\\NotFoundHttpException(code: 0): No route found for \"GET /fb_app/hello/foo\" at /var/www/html/fb_app/vendor/symfony/http-kernel/Symfony/Component/HttpKernel/EventListener/RouterListener.php:145, Symfony\\Component\\Routing\\Exception\\ResourceNotFoundException(code: 0): No routes found for \"/fb_app/hello/foo\". at /var/www/html/fb_app/vendor/symfony/routing/Symfony/Component/Routing/Matcher/UrlMatcher.php:102)"} []
[2015-02-21 07:58:55] myapp.INFO: < 404 [] []
[2015-02-21 07:59:03] myapp.INFO: Matched route "_fb_app_GET_index" (parameters: "_controller": "controllersGeneral", "_route": "_fb_app_GET_index") [] []
[2015-02-21 07:59:03] myapp.INFO: > GET /fb_app/index [] []
[2015-02-21 07:59:03] myapp.CRITICAL: InvalidArgumentException: Unable to find controller "controllersGeneral". (uncaught exception) at /var/www/html/fb_app/vendor/symfony/http-kernel/Symfony/Component/HttpKernel/Controller/ControllerResolver.php line 147 {"exception":"[object] (InvalidArgumentException(code: 0): Unable to find controller \"controllersGeneral\". at /var/www/html/fb_app/vendor/symfony/http-kernel/Symfony/Component/HttpKernel/Controller/ControllerResolver.php:147)"} []
[2015-02-21 07:59:03] myapp.INFO: < 500 [] []
[2015-02-21 07:59:26] myapp.INFO: Matched route "_fb_app_GET_index" (parameters: "_controller": "controllersGeneral", "_route": "_fb_app_GET_index") [] []
[2015-02-21 07:59:26] myapp.INFO: > GET /fb_app/index [] []
[2015-02-21 07:59:26] myapp.CRITICAL: InvalidArgumentException: Unable to find controller "controllersGeneral". (uncaught exception) at /var/www/html/fb_app/vendor/symfony/http-kernel/Symfony/Component/HttpKernel/Controller/ControllerResolver.php line 147 {"exception":"[object] (InvalidArgumentException(code: 0): Unable to find controller \"controllersGeneral\". at /var/www/html/fb_app/vendor/symfony/http-kernel/Symfony/Component/HttpKernel/Controller/ControllerResolver.php:147)"} []
[2015-02-21 07:59:26] myapp.INFO: < 500 [] []
[2015-02-21 08:00:08] myapp.INFO: Matched route "_fb_app_GET_index" (parameters: "_controller": "controllersGeneral", "_route": "_fb_app_GET_index") [] []
[2015-02-21 08:00:08] myapp.INFO: > GET /fb_app/index [] []
[2015-02-21 08:00:08] myapp.CRITICAL: InvalidArgumentException: Unable to find controller "controllersGeneral". (uncaught exception) at /var/www/html/fb_app/vendor/symfony/http-kernel/Symfony/Component/HttpKernel/Controller/ControllerResolver.php line 147 {"exception":"[object] (InvalidArgumentException(code: 0): Unable to find controller \"controllersGeneral\". at /var/www/html/fb_app/vendor/symfony/http-kernel/Symfony/Component/HttpKernel/Controller/ControllerResolver.php:147)"} []
[2015-02-21 08:00:08] myapp.INFO: < 500 [] []
[2015-02-21 08:00:18] myapp.INFO: Matched route "_fb_app_GET_index" (parameters: "_controller": "controllers.General", "_route": "_fb_app_GET_index") [] []
[2015-02-21 08:00:18] myapp.INFO: > GET /fb_app/index [] []
[2015-02-21 08:00:18] myapp.CRITICAL: InvalidArgumentException: Unable to find controller "controllers.General". (uncaught exception) at /var/www/html/fb_app/vendor/symfony/http-kernel/Symfony/Component/HttpKernel/Controller/ControllerResolver.php line 147 {"exception":"[object] (InvalidArgumentException(code: 0): Unable to find controller \"controllers.General\". at /var/www/html/fb_app/vendor/symfony/http-kernel/Symfony/Component/HttpKernel/Controller/ControllerResolver.php:147)"} []
[2015-02-21 08:00:18] myapp.INFO: < 500 [] []
[2015-02-21 08:01:03] myapp.INFO: Matched route "_fb_app_GET_index" (parameters: "_controller": "controllers.General", "_route": "_fb_app_GET_index") [] []
[2015-02-21 08:01:03] myapp.INFO: > GET /fb_app/index [] []
[2015-02-21 08:01:03] myapp.CRITICAL: InvalidArgumentException: Unable to find controller "controllers.General". (uncaught exception) at /var/www/html/fb_app/vendor/symfony/http-kernel/Symfony/Component/HttpKernel/Controller/ControllerResolver.php line 147 {"exception":"[object] (InvalidArgumentException(code: 0): Unable to find controller \"controllers.General\". at /var/www/html/fb_app/vendor/symfony/http-kernel/Symfony/Component/HttpKernel/Controller/ControllerResolver.php:147)"} []
[2015-02-21 08:01:03] myapp.INFO: < 500 [] []
[2015-02-21 08:01:34] myapp.INFO: Matched route "_fb_app_GET_index" (parameters: "_controller": "controllers.General", "_route": "_fb_app_GET_index") [] []
[2015-02-21 08:01:34] myapp.INFO: > GET /fb_app/index [] []
[2015-02-21 08:01:34] myapp.CRITICAL: InvalidArgumentException: Unable to find controller "controllers.General". (uncaught exception) at /var/www/html/fb_app/vendor/symfony/http-kernel/Symfony/Component/HttpKernel/Controller/ControllerResolver.php line 147 {"exception":"[object] (InvalidArgumentException(code: 0): Unable to find controller \"controllers.General\". at /var/www/html/fb_app/vendor/symfony/http-kernel/Symfony/Component/HttpKernel/Controller/ControllerResolver.php:147)"} []
[2015-02-21 08:01:34] myapp.INFO: < 500 [] []
[2015-02-21 08:01:37] myapp.INFO: Matched route "_fb_app_GET_index" (parameters: "_controller": "controllers.General", "_route": "_fb_app_GET_index") [] []
[2015-02-21 08:01:37] myapp.INFO: > GET /fb_app/index [] []
[2015-02-21 08:01:37] myapp.CRITICAL: InvalidArgumentException: Unable to find controller "controllers.General". (uncaught exception) at /var/www/html/fb_app/vendor/symfony/http-kernel/Symfony/Component/HttpKernel/Controller/ControllerResolver.php line 147 {"exception":"[object] (InvalidArgumentException(code: 0): Unable to find controller \"controllers.General\". at /var/www/html/fb_app/vendor/symfony/http-kernel/Symfony/Component/HttpKernel/Controller/ControllerResolver.php:147)"} []
[2015-02-21 08:01:37] myapp.INFO: < 500 [] []
[2015-02-21 08:02:05] myapp.INFO: Matched route "_fb_app_GET_index" (parameters: "_controller": "controllers.General", "_route": "_fb_app_GET_index") [] []
[2015-02-21 08:02:05] myapp.INFO: > GET /fb_app/index [] []
[2015-02-21 08:02:05] myapp.CRITICAL: InvalidArgumentException: Unable to find controller "controllers.General". (uncaught exception) at /var/www/html/fb_app/vendor/symfony/http-kernel/Symfony/Component/HttpKernel/Controller/ControllerResolver.php line 147 {"exception":"[object] (InvalidArgumentException(code: 0): Unable to find controller \"controllers.General\". at /var/www/html/fb_app/vendor/symfony/http-kernel/Symfony/Component/HttpKernel/Controller/ControllerResolver.php:147)"} []
[2015-02-21 08:02:05] myapp.INFO: < 500 [] []
[2015-02-21 08:02:11] myapp.ERROR: Symfony\Component\HttpKernel\Exception\NotFoundHttpException: No route found for "GET /fb_app/" (uncaught exception) at /var/www/html/fb_app/vendor/symfony/http-kernel/Symfony/Component/HttpKernel/EventListener/RouterListener.php line 145 {"exception":"[object] (Symfony\\Component\\HttpKernel\\Exception\\NotFoundHttpException(code: 0): No route found for \"GET /fb_app/\" at /var/www/html/fb_app/vendor/symfony/http-kernel/Symfony/Component/HttpKernel/EventListener/RouterListener.php:145, Symfony\\Component\\Routing\\Exception\\ResourceNotFoundException(code: 0): No routes found for \"/fb_app/\". at /var/www/html/fb_app/vendor/symfony/routing/Symfony/Component/Routing/Matcher/UrlMatcher.php:102)"} []
[2015-02-21 08:02:11] myapp.INFO: < 404 [] []
[2015-02-21 08:02:19] myapp.ERROR: Symfony\Component\HttpKernel\Exception\NotFoundHttpException: No route found for "GET /fb_app/inde" (uncaught exception) at /var/www/html/fb_app/vendor/symfony/http-kernel/Symfony/Component/HttpKernel/EventListener/RouterListener.php line 145 {"exception":"[object] (Symfony\\Component\\HttpKernel\\Exception\\NotFoundHttpException(code: 0): No route found for \"GET /fb_app/inde\" at /var/www/html/fb_app/vendor/symfony/http-kernel/Symfony/Component/HttpKernel/EventListener/RouterListener.php:145, Symfony\\Component\\Routing\\Exception\\ResourceNotFoundException(code: 0): No routes found for \"/fb_app/inde\". at /var/www/html/fb_app/vendor/symfony/routing/Symfony/Component/Routing/Matcher/UrlMatcher.php:102)"} []
[2015-02-21 08:02:19] myapp.INFO: < 404 [] []
[2015-02-21 08:02:22] myapp.INFO: Matched route "_fb_app_GET_index" (parameters: "_controller": "controllers.General", "_route": "_fb_app_GET_index") [] []
[2015-02-21 08:02:22] myapp.INFO: > GET /fb_app/index [] []
[2015-02-21 08:02:22] myapp.CRITICAL: InvalidArgumentException: Unable to find controller "controllers.General". (uncaught exception) at /var/www/html/fb_app/vendor/symfony/http-kernel/Symfony/Component/HttpKernel/Controller/ControllerResolver.php line 147 {"exception":"[object] (InvalidArgumentException(code: 0): Unable to find controller \"controllers.General\". at /var/www/html/fb_app/vendor/symfony/http-kernel/Symfony/Component/HttpKernel/Controller/ControllerResolver.php:147)"} []
[2015-02-21 08:02:22] myapp.INFO: < 500 [] []
[2015-02-21 08:03:00] myapp.INFO: Matched route "_fb_app_GET_index" (parameters: "_controller": "controllers.General:indexGET", "_route": "_fb_app_GET_index") [] []
[2015-02-21 08:03:00] myapp.INFO: > GET /fb_app/index [] []
[2015-02-21 08:03:20] myapp.INFO: Matched route "_fb_app_GET_index" (parameters: "_controller": "controllers.General:indexGET", "_route": "_fb_app_GET_index") [] []
[2015-02-21 08:03:20] myapp.INFO: > GET /fb_app/index [] []
[2015-02-21 08:04:24] myapp.INFO: Matched route "_fb_app_GET_index" (parameters: "_controller": "controllers.General:indexGET", "_route": "_fb_app_GET_index") [] []
[2015-02-21 08:04:24] myapp.INFO: > GET /fb_app/index [] []
[2015-02-21 08:04:31] myapp.INFO: Matched route "_fb_app_GET_index" (parameters: "_controller": "controllers.General:indexGET", "_route": "_fb_app_GET_index") [] []
[2015-02-21 08:04:31] myapp.INFO: > GET /fb_app/index [] []
[2015-02-21 08:05:12] myapp.INFO: Matched route "_fb_app_GET_index" (parameters: "_controller": "controllers.General:indexGET", "_route": "_fb_app_GET_index") [] []
[2015-02-21 08:05:12] myapp.INFO: > GET /fb_app/index [] []
[2015-02-21 08:05:13] myapp.INFO: Matched route "_fb_app_GET_index" (parameters: "_controller": "controllers.General:indexGET", "_route": "_fb_app_GET_index") [] []
[2015-02-21 08:05:13] myapp.INFO: > GET /fb_app/index [] []
[2015-02-21 08:05:13] myapp.INFO: Matched route "_fb_app_GET_index" (parameters: "_controller": "controllers.General:indexGET", "_route": "_fb_app_GET_index") [] []
[2015-02-21 08:05:13] myapp.INFO: > GET /fb_app/index [] []
[2015-02-21 08:05:14] myapp.INFO: Matched route "_fb_app_GET_index" (parameters: "_controller": "controllers.General:indexGET", "_route": "_fb_app_GET_index") [] []
[2015-02-21 08:05:14] myapp.INFO: > GET /fb_app/index [] []
[2015-02-21 08:05:14] myapp.INFO: Matched route "_fb_app_GET_index" (parameters: "_controller": "controllers.General:indexGET", "_route": "_fb_app_GET_index") [] []
[2015-02-21 08:05:14] myapp.INFO: > GET /fb_app/index [] []
[2015-02-21 08:05:56] myapp.INFO: Matched route "_fb_app_GET_index" (parameters: "_controller": "controllers.General:indexGET", "_route": "_fb_app_GET_index") [] []
[2015-02-21 08:05:56] myapp.INFO: > GET /fb_app/index [] []
[2015-02-21 08:06:36] myapp.INFO: Matched route "_fb_app_GET_index" (parameters: "_controller": "controllers.General:indexGET", "_route": "_fb_app_GET_index") [] []
[2015-02-21 08:06:36] myapp.INFO: > GET /fb_app/index [] []
[2015-02-21 08:07:39] myapp.INFO: Matched route "_fb_app_GET_index" (parameters: "_controller": "controllers.General:indexGET", "_route": "_fb_app_GET_index") [] []
[2015-02-21 08:07:39] myapp.INFO: > GET /fb_app/index [] []
[2015-02-21 08:08:10] myapp.INFO: Matched route "_fb_app_GET_index" (parameters: "_controller": "controllers.General:indexGET", "_route": "_fb_app_GET_index") [] []
[2015-02-21 08:08:10] myapp.INFO: > GET /fb_app/index [] []
[2015-02-21 08:10:28] myapp.INFO: Matched route "_fb_app_GET_index" (parameters: "_controller": "controllers.General:indexGET", "_route": "_fb_app_GET_index") [] []
[2015-02-21 08:10:28] myapp.INFO: > GET /fb_app/index [] []
[2015-02-21 08:10:28] myapp.INFO: < 200 [] []
[2015-02-21 08:11:06] myapp.ERROR: Symfony\Component\HttpKernel\Exception\NotFoundHttpException: No route found for "GET /fb_app/index" (uncaught exception) at /var/www/html/fb_app/vendor/symfony/http-kernel/Symfony/Component/HttpKernel/EventListener/RouterListener.php line 145 {"exception":"[object] (Symfony\\Component\\HttpKernel\\Exception\\NotFoundHttpException(code: 0): No route found for \"GET /fb_app/index\" at /var/www/html/fb_app/vendor/symfony/http-kernel/Symfony/Component/HttpKernel/EventListener/RouterListener.php:145, Symfony\\Component\\Routing\\Exception\\ResourceNotFoundException(code: 0): No routes found for \"/fb_app/index\". at /var/www/html/fb_app/vendor/symfony/routing/Symfony/Component/Routing/Matcher/UrlMatcher.php:102)"} []
[2015-02-21 08:11:06] myapp.INFO: < 404 [] []
[2015-02-21 08:11:08] myapp.INFO: Matched route "_fb_app_GET_" (parameters: "_controller": "controllers.General:indexGET", "_route": "_fb_app_GET_") [] []
[2015-02-21 08:11:08] myapp.INFO: > GET /fb_app/ [] []
[2015-02-21 08:11:08] myapp.INFO: < 200 [] []
[2015-02-21 08:16:18] myapp.ERROR: Symfony\Component\HttpKernel\Exception\NotFoundHttpException: No route found for "GET /fb_app/" (uncaught exception) at /var/www/html/fb_app/vendor/symfony/http-kernel/Symfony/Component/HttpKernel/EventListener/RouterListener.php line 145 {"exception":"[object] (Symfony\\Component\\HttpKernel\\Exception\\NotFoundHttpException(code: 0): No route found for \"GET /fb_app/\" at /var/www/html/fb_app/vendor/symfony/http-kernel/Symfony/Component/HttpKernel/EventListener/RouterListener.php:145, Symfony\\Component\\Routing\\Exception\\ResourceNotFoundException(code: 0): No routes found for \"/fb_app/\". at /var/www/html/fb_app/vendor/symfony/routing/Symfony/Component/Routing/Matcher/UrlMatcher.php:102)"} []
[2015-02-21 08:16:18] myapp.INFO: < 404 [] []
[2015-02-21 08:20:48] myapp.ERROR: Symfony\Component\HttpKernel\Exception\NotFoundHttpException: No route found for "GET /fb_app/" (uncaught exception) at /var/www/html/fb_app/vendor/symfony/http-kernel/Symfony/Component/HttpKernel/EventListener/RouterListener.php line 145 {"exception":"[object] (Symfony\\Component\\HttpKernel\\Exception\\NotFoundHttpException(code: 0): No route found for \"GET /fb_app/\" at /var/www/html/fb_app/vendor/symfony/http-kernel/Symfony/Component/HttpKernel/EventListener/RouterListener.php:145, Symfony\\Component\\Routing\\Exception\\ResourceNotFoundException(code: 0): No routes found for \"/fb_app/\". at /var/www/html/fb_app/vendor/symfony/routing/Symfony/Component/Routing/Matcher/UrlMatcher.php:102)"} []
[2015-02-21 08:20:48] myapp.INFO: < 404 [] []
[2015-02-21 08:22:05] myapp.INFO: Matched route "_fb_app_GET_" (parameters: "_controller": "controllers.General:indexGET", "_route": "_fb_app_GET_") [] []
[2015-02-21 08:22:05] myapp.INFO: > GET /fb_app/ [] []
[2015-02-21 08:22:24] myapp.INFO: Matched route "_fb_app_GET_" (parameters: "_controller": "controllers.General:indexGET", "_route": "_fb_app_GET_") [] []
[2015-02-21 08:22:24] myapp.INFO: > GET /fb_app/ [] []
[2015-02-21 08:22:45] myapp.INFO: Matched route "_fb_app_GET_" (parameters: "_controller": "controllers.General:indexGET", "_route": "_fb_app_GET_") [] []
[2015-02-21 08:22:45] myapp.INFO: > GET /fb_app/ [] []
[2015-02-21 08:22:52] myapp.INFO: Matched route "_fb_app_GET_" (parameters: "_controller": "controllers.General:indexGET", "_route": "_fb_app_GET_") [] []
[2015-02-21 08:22:52] myapp.INFO: > GET /fb_app/ [] []
[2015-02-21 08:23:19] myapp.INFO: Matched route "_fb_app_GET_" (parameters: "_controller": "controllers.General:indexGET", "_route": "_fb_app_GET_") [] []
[2015-02-21 08:23:19] myapp.INFO: > GET /fb_app/ [] []
[2015-02-21 08:23:19] myapp.INFO: < 200 [] []
[2015-02-21 08:23:25] myapp.INFO: Matched route "_fb_app_GET_" (parameters: "_controller": "controllers.General:indexGET", "_route": "_fb_app_GET_") [] []
[2015-02-21 08:23:25] myapp.INFO: > GET /fb_app/ [] []
[2015-02-21 08:23:25] myapp.INFO: < 200 [] []
[2015-02-21 08:24:21] myapp.INFO: Matched route "_fb_app_GET_" (parameters: "_controller": "controllers.General:indexGET", "_route": "_fb_app_GET_") [] []
[2015-02-21 08:24:21] myapp.INFO: > GET /fb_app/ [] []
[2015-02-21 08:24:21] myapp.INFO: < 200 [] []
[2015-02-21 08:24:24] myapp.ERROR: Symfony\Component\HttpKernel\Exception\NotFoundHttpException: No route found for "GET /fb_app/admin/" (uncaught exception) at /var/www/html/fb_app/vendor/symfony/http-kernel/Symfony/Component/HttpKernel/EventListener/RouterListener.php line 145 {"exception":"[object] (Symfony\\Component\\HttpKernel\\Exception\\NotFoundHttpException(code: 0): No route found for \"GET /fb_app/admin/\" at /var/www/html/fb_app/vendor/symfony/http-kernel/Symfony/Component/HttpKernel/EventListener/RouterListener.php:145, Symfony\\Component\\Routing\\Exception\\ResourceNotFoundException(code: 0): No routes found for \"/fb_app/admin/\". at /var/www/html/fb_app/vendor/symfony/routing/Symfony/Component/Routing/Matcher/UrlMatcher.php:102)"} []
[2015-02-21 08:24:24] myapp.INFO: < 404 [] []
[2015-02-21 08:24:36] myapp.INFO: Matched route "_fb_app_adminGET_" (parameters: "_controller": "controllers.Admin:indexGet", "_route": "_fb_app_adminGET_") [] []
[2015-02-21 08:24:36] myapp.INFO: > GET /fb_app/admin/ [] []
[2015-02-21 08:24:36] myapp.INFO: < 200 [] []
